# Logfile created on 2014-04-02 09:59:21 +0000 by logger.rb/25413
E, [2014-04-02T09:59:21.412255 #26710] ERROR -- : Gem::Ext::BuildError: ERROR: Failed to build gem native extension.

    /home/ragesh/.rvm/rubies/ruby-1.9.2-p320/bin/ruby extconf.rb 
checking for sasl/sasl.h... no
Please install SASL to continue. The package is called libsasl2-dev on Ubuntu and cyrus-sasl on Gentoo.
*** extconf.rb failed ***
Could not create Makefile due to some reason, probably lack of
necessary libraries and/or headers.  Check the mkmf.log file for more
details.  You may need configuration options.

Provided configuration options:
	--with-opt-dir
	--without-opt-dir
	--with-opt-include
	--without-opt-include=${opt-dir}/include
	--with-opt-lib
	--without-opt-lib=${opt-dir}/lib
	--with-make-prog
	--without-make-prog
	--srcdir=.
	--curdir
	--ruby=/home/ragesh/.rvm/rubies/ruby-1.9.2-p320/bin/ruby

extconf failed, exit code 1

Gem files will remain installed in /home/ragesh/.rvm/gems/ruby-1.9.2-p320/gems/memcached-1.7.2 for inspection.
Results logged to /home/ragesh/.rvm/gems/ruby-1.9.2-p320/extensions/x86_64-linux/1.9.1/memcached-1.7.2/gem_make.out

/home/ragesh/.rvm/rubies/ruby-1.9.2-p320/lib/ruby/site_ruby/1.9.1/rubygems/ext/builder.rb:89:in `run'  \n/home/ragesh/.rvm/rubies/ruby-1.9.2-p320/lib/ruby/site_ruby/1.9.1/rubygems/ext/ext_conf_builder.rb:37:in `block in build'  \n/home/ragesh/.rvm/rubies/ruby-1.9.2-p320/lib/ruby/1.9.1/tempfile.rb:320:in `open'  \n/home/ragesh/.rvm/rubies/ruby-1.9.2-p320/lib/ruby/site_ruby/1.9.1/rubygems/ext/ext_conf_builder.rb:17:in `build'  \n/home/ragesh/.rvm/rubies/ruby-1.9.2-p320/lib/ruby/site_ruby/1.9.1/rubygems/ext/builder.rb:161:in `block (2 levels) in build_extension'  \n/home/ragesh/.rvm/rubies/ruby-1.9.2-p320/lib/ruby/site_ruby/1.9.1/rubygems/ext/builder.rb:160:in `chdir'  \n/home/ragesh/.rvm/rubies/ruby-1.9.2-p320/lib/ruby/site_ruby/1.9.1/rubygems/ext/builder.rb:160:in `block in build_extension'  \n<internal:prelude>:10:in `synchronize'  \n/home/ragesh/.rvm/rubies/ruby-1.9.2-p320/lib/ruby/site_ruby/1.9.1/rubygems/ext/builder.rb:159:in `build_extension'  \n/home/ragesh/.rvm/rubies/ruby-1.9.2-p320/lib/ruby/site_ruby/1.9.1/rubygems/ext/builder.rb:198:in `block in build_extensions'  \n/home/ragesh/.rvm/rubies/ruby-1.9.2-p320/lib/ruby/site_ruby/1.9.1/rubygems/ext/builder.rb:195:in `each'  \n/home/ragesh/.rvm/rubies/ruby-1.9.2-p320/lib/ruby/site_ruby/1.9.1/rubygems/ext/builder.rb:195:in `build_extensions'  \n/home/ragesh/.rvm/rubies/ruby-1.9.2-p320/lib/ruby/site_ruby/1.9.1/rubygems/installer.rb:677:in `build_extensions'  \n/home/ragesh/.rvm/rubies/ruby-1.9.2-p320/lib/ruby/site_ruby/1.9.1/rubygems/installer.rb:232:in `install'  \n/home/ragesh/.rvm/gems/ruby-1.9.2-p320@global/gems/bundler-1.5.1/lib/bundler/source/rubygems.rb:95:in `block in install'  \n/home/ragesh/.rvm/gems/ruby-1.9.2-p320@global/gems/bundler-1.5.1/lib/bundler/rubygems_integration.rb:118:in `preserve_paths'  \n/home/ragesh/.rvm/gems/ruby-1.9.2-p320@global/gems/bundler-1.5.1/lib/bundler/source/rubygems.rb:94:in `install'  \n/home/ragesh/.rvm/gems/ruby-1.9.2-p320@global/gems/bundler-1.5.1/lib/bundler/installer.rb:111:in `block in install_gem_from_spec'  \n/home/ragesh/.rvm/gems/ruby-1.9.2-p320@global/gems/bundler-1.5.1/lib/bundler/rubygems_integration.rb:150:in `with_build_args'  \n/home/ragesh/.rvm/gems/ruby-1.9.2-p320@global/gems/bundler-1.5.1/lib/bundler/installer.rb:110:in `install_gem_from_spec'  \n/home/ragesh/.rvm/gems/ruby-1.9.2-p320@global/gems/bundler-1.5.1/lib/bundler/installer.rb:295:in `block in install_sequentially'  \n/home/ragesh/.rvm/rubies/ruby-1.9.2-p320/lib/ruby/1.9.1/forwardable.rb:182:in `each'  \n/home/ragesh/.rvm/rubies/ruby-1.9.2-p320/lib/ruby/1.9.1/forwardable.rb:182:in `each'  \n/home/ragesh/.rvm/gems/ruby-1.9.2-p320@global/gems/bundler-1.5.1/lib/bundler/installer.rb:294:in `install_sequentially'  \n/home/ragesh/.rvm/gems/ruby-1.9.2-p320@global/gems/bundler-1.5.1/lib/bundler/installer.rb:97:in `run'  \n/home/ragesh/.rvm/gems/ruby-1.9.2-p320@global/gems/bundler-1.5.1/lib/bundler/installer.rb:15:in `install'  \n/home/ragesh/.rvm/gems/ruby-1.9.2-p320@global/gems/bundler-1.5.1/lib/bundler/cli.rb:257:in `install'  \n/home/ragesh/.rvm/gems/ruby-1.9.2-p320@global/gems/bundler-1.5.1/lib/bundler/vendor/thor/command.rb:27:in `run'  \n/home/ragesh/.rvm/gems/ruby-1.9.2-p320@global/gems/bundler-1.5.1/lib/bundler/vendor/thor/invocation.rb:120:in `invoke_command'  \n/home/ragesh/.rvm/gems/ruby-1.9.2-p320@global/gems/bundler-1.5.1/lib/bundler/vendor/thor.rb:363:in `dispatch'  \n/home/ragesh/.rvm/gems/ruby-1.9.2-p320@global/gems/bundler-1.5.1/lib/bundler/vendor/thor/base.rb:438:in `start'  \n/home/ragesh/.rvm/gems/ruby-1.9.2-p320@global/gems/bundler-1.5.1/lib/bundler/cli.rb:10:in `start'  \n/home/ragesh/.rvm/gems/ruby-1.9.2-p320@global/gems/bundler-1.5.1/bin/bundle:22:in `block in <top (required)>'  \n/home/ragesh/.rvm/gems/ruby-1.9.2-p320@global/gems/bundler-1.5.1/lib/bundler/friendly_errors.rb:5:in `with_friendly_errors'  \n/home/ragesh/.rvm/gems/ruby-1.9.2-p320@global/gems/bundler-1.5.1/bin/bundle:22:in `<top (required)>'  \n/home/ragesh/.rvm/gems/ruby-1.9.2-p320@global/bin/bundle:23:in `load'  \n/home/ragesh/.rvm/gems/ruby-1.9.2-p320@global/bin/bundle:23:in `<main>'  \n/home/ragesh/.rvm/gems/ruby-1.9.2-p320/bin/ruby_executable_hooks:15:in `eval'  \n/home/ragesh/.rvm/gems/ruby-1.9.2-p320/bin/ruby_executable_hooks:15:in `<main>'
I, [2014-04-02T10:01:08.917506 #28181]  INFO -- : 0:  memcached (1.7.2) from /home/ragesh/.rvm/gems/ruby-1.9.2-p320/specifications/memcached-1.7.2.gemspec
I, [2014-04-02T10:01:08.923419 #28181]  INFO -- : 0:  bundler (1.5.1) from /home/ragesh/.rvm/gems/ruby-1.9.2-p320@global/specifications/bundler-1.5.1.gemspec
